Importer Log Report
Project : design1.PrjPcb

Section : Analyze Document - C:\Users\es-ahmedabdellatif20\Desktop\Three phase inverter\three_phase_inverter_eag_3\lib\6N139.lbr
    Analyzing data of C:\Users\es-ahmedabdellatif20\Desktop\Three phase inverter\three_phase_inverter_eag_3\lib\6N139.lbr
    Load settings
    Load layers 46
    Load library
    Load Library library
    Load Library ""
    Load Packages 1
    Load Symbols 1
    Load DeviceSets 1
EndSection

Section : Analyze Document - C:\Users\es-ahmedabdellatif20\Desktop\Three phase inverter\three_phase_inverter_eag_3\lib\Infineon - IKCM30F60GDXKMA1.lbr
    Analyzing data of C:\Users\es-ahmedabdellatif20\Desktop\Three phase inverter\three_phase_inverter_eag_3\lib\Infineon - IKCM30F60GDXKMA1.lbr
    Load layers 26
    Load library
    Load Library library
    Load Library "Upverter Library"
    Load Packages 1
    Load Symbols 1
    Load DeviceSets 1
EndSection

Section : Analyze Document - C:\Users\es-ahmedabdellatif20\Desktop\Three phase inverter\three_phase_inverter_eag_3\lib\PDSE1-S5-S15-S.lbr
    Analyzing data of C:\Users\es-ahmedabdellatif20\Desktop\Three phase inverter\three_phase_inverter_eag_3\lib\PDSE1-S5-S15-S.lbr
    Load settings
    Load layers 46
    Load library
    Load Library library
    Load Library ""
    Load Packages 1
    Load Symbols 1
    Load DeviceSets 1
EndSection

Section : Analyze Document - C:\Users\es-ahmedabdellatif20\Desktop\Three phase inverter\three_phase_inverter_eag_3\design1.brd
    Analyzing data of C:\Users\es-ahmedabdellatif20\Desktop\Three phase inverter\three_phase_inverter_eag_3\design1.brd
    Load settings
    Load layers 63
    Load board
    Load Library "rcl"
    Load Packages 3
    ERROR: Unhandled typepackages3d
    Load Library "pinhead"
    Load Packages 5
    ERROR: Unhandled typepackages3d
    Load Library "6N139"
    Load Packages 1
    Load Library "Infineon - IKCM30F60GDXKMA1"
    Load Packages 1
    Load Library "con-ptr500"
    Load Packages 2
    ERROR: Unhandled typepackages3d
    Load Library "v-reg"
    Load Packages 1
    ERROR: Unhandled typepackages3d
    Load Library "special-drill"
    Load Packages 1
    ERROR: Unhandled typepackages3d
    Load Library "PDSE1-S5-S15-S"
    Load Packages 1
    Load Library "led"
    Load Packages 1
    ERROR: Unhandled typepackages3d
    Load Library "optocoupler"
    Load Packages 1
    ERROR: Unhandled typepackages3d
    ERROR: Unhandled typemfgpreviewcolors
EndSection

Section : Analyze Document - C:\Users\es-ahmedabdellatif20\Desktop\Three phase inverter\three_phase_inverter_eag_3\design1.sch
    Analyzing data of C:\Users\es-ahmedabdellatif20\Desktop\Three phase inverter\three_phase_inverter_eag_3\design1.sch
    Load settings
    Load layers 63
    Load schematic
    Load Libraries 10
    Load Library "6N139"
    Load Packages 1
    Load Symbols 1
    Load DeviceSets 1
    Load Library "Infineon - IKCM30F60GDXKMA1"
    Load Packages 1
    Load Symbols 1
    Load DeviceSets 1
    Load Library "pinhead"
    Load Packages 6
    ERROR: Unhandled typepackages3d
    Load Symbols 3
    Load DeviceSets 3
    ERROR: Unhandled typepackage3dinstances
    ERROR: Unhandled typepackage3dinstances
    ERROR: Unhandled typepackage3dinstances
    ERROR: Unhandled typepackage3dinstances
    ERROR: Unhandled typepackage3dinstances
    ERROR: Unhandled typepackage3dinstances
    Load Library "rcl"
    Load Packages 339
    ERROR: Unhandled typepackages3d
    Load Symbols 3
    Load DeviceSets 3
    ERROR: Unhandled typepackage3dinstances
    ERROR: Unhandled typepackage3dinstances
    ERROR: Unhandled typepackage3dinstances
    ERROR: Unhandled typepackage3dinstances
    ERROR: Unhandled typepackage3dinstances
    ERROR: Unhandled typepackage3dinstances
    ERROR: Unhandled typepackage3dinstances
    ERROR: Unhandled typepackage3dinstances
    ERROR: Unhandled typepackage3dinstances
    ERROR: Unhandled typepackage3dinstances
    ERROR: Unhandled typepackage3dinstances
    ERROR: Unhandled typepackage3dinstances
    ERROR: Unhandled typepackage3dinstances
    ERROR: Unhandled typepackage3dinstances
    ERROR: Unhandled typepackage3dinstances
    ERROR: Unhandled typepackage3dinstances
    ERROR: Unhandled typepackage3dinstances
    ERROR: Unhandled typepackage3dinstances
    ERROR: Unhandled typepackage3dinstances
    ERROR: Unhandled typepackage3dinstances
    ERROR: Unhandled typepackage3dinstances
    ERROR: Unhandled typepackage3dinstances
    ERROR: Unhandled typepackage3dinstances
    ERROR: Unhandled typepackage3dinstances
    ERROR: Unhandled typepackage3dinstances
    ERROR: Unhandled typepackage3dinstances
    ERROR: Unhandled typepackage3dinstances
    ERROR: Unhandled typepackage3dinstances
    ERROR: Unhandled typepackage3dinstances
    ERROR: Unhandled typepackage3dinstances
    ERROR: Unhandled typepackage3dinstances
    ERROR: Unhandled typepackage3dinstances
    ERROR: Unhandled typepackage3dinstances
    ERROR: Unhandled typepackage3dinstances
    ERROR: Unhandled typepackage3dinstances
    ERROR: Unhandled typepackage3dinstances
    ERROR: Unhandled typepackage3dinstances
    ERROR: Unhandled typepackage3dinstances
    ERROR: Unhandled typepackage3dinstances
    ERROR: Unhandled typepackage3dinstances
    ERROR: Unhandled typepackage3dinstances
    ERROR: Unhandled typepackage3dinstances
    ERROR: Unhandled typepackage3dinstances
    ERROR: Unhandled typepackage3dinstances
    ERROR: Unhandled typepackage3dinstances
    ERROR: Unhandled typepackage3dinstances
    ERROR: Unhandled typepackage3dinstances
    ERROR: Unhandled typepackage3dinstances
    ERROR: Unhandled typepackage3dinstances
    ERROR: Unhandled typepackage3dinstances
    ERROR: Unhandled typepackage3dinstances
    ERROR: Unhandled typepackage3dinstances
    ERROR: Unhandled typepackage3dinstances
    ERROR: Unhandled typepackage3dinstances
    ERROR: Unhandled typepackage3dinstances
    ERROR: Unhandled typepackage3dinstances
    ERROR: Unhandled typepackage3dinstances
    ERROR: Unhandled typepackage3dinstances
    ERROR: Unhandled typepackage3dinstances
    ERROR: Unhandled typepackage3dinstances
    ERROR: Unhandled typepackage3dinstances
    ERROR: Unhandled typepackage3dinstances
    ERROR: Unhandled typepackage3dinstances
    ERROR: Unhandled typepackage3dinstances
    ERROR: Unhandled typepackage3dinstances
    ERROR: Unhandled typepackage3dinstances
    ERROR: Unhandled typepackage3dinstances
    ERROR: Unhandled typepackage3dinstances
    ERROR: Unhandled typepackage3dinstances
    ERROR: Unhandled typepackage3dinstances
    ERROR: Unhandled typepackage3dinstances
    ERROR: Unhandled typepackage3dinstances
    ERROR: Unhandled typepackage3dinstances
    ERROR: Unhandled typepackage3dinstances
    ERROR: Unhandled typepackage3dinstances
    ERROR: Unhandled typepackage3dinstances
    ERROR: Unhandled typepackage3dinstances
    ERROR: Unhandled typepackage3dinstances
    ERROR: Unhandled typepackage3dinstances
    ERROR: Unhandled typepackage3dinstances
    ERROR: Unhandled typepackage3dinstances
    ERROR: Unhandled typepackage3dinstances
    ERROR: Unhandled typepackage3dinstances
    ERROR: Unhandled typepackage3dinstances
    ERROR: Unhandled typepackage3dinstances
    ERROR: Unhandled typepackage3dinstances
    ERROR: Unhandled typespice
    ERROR: Unhandled typepackage3dinstances
    ERROR: Unhandled typepackage3dinstances
    ERROR: Unhandled typepackage3dinstances
    ERROR: Unhandled typepackage3dinstances
    ERROR: Unhandled typepackage3dinstances
    ERROR: Unhandled typepackage3dinstances
    ERROR: Unhandled typepackage3dinstances
    ERROR: Unhandled typepackage3dinstances
    ERROR: Unhandled typepackage3dinstances
    ERROR: Unhandled typepackage3dinstances
    ERROR: Unhandled typepackage3dinstances
    ERROR: Unhandled typepackage3dinstances
    ERROR: Unhandled typepackage3dinstances
    ERROR: Unhandled typepackage3dinstances
    ERROR: Unhandled typepackage3dinstances
    ERROR: Unhandled typepackage3dinstances
    ERROR: Unhandled typepackage3dinstances
    ERROR: Unhandled typepackage3dinstances
    ERROR: Unhandled typepackage3dinstances
    ERROR: Unhandled typepackage3dinstances
    ERROR: Unhandled typepackage3dinstances
    ERROR: Unhandled typepackage3dinstances
    ERROR: Unhandled typepackage3dinstances
    ERROR: Unhandled typepackage3dinstances
    ERROR: Unhandled typepackage3dinstances
    ERROR: Unhandled typepackage3dinstances
    ERROR: Unhandled typepackage3dinstances
    ERROR: Unhandled typepackage3dinstances
    ERROR: Unhandled typepackage3dinstances
    ERROR: Unhandled typepackage3dinstances
    ERROR: Unhandled typepackage3dinstances
    ERROR: Unhandled typepackage3dinstances
    ERROR: Unhandled typepackage3dinstances
    ERROR: Unhandled typepackage3dinstances
    ERROR: Unhandled typepackage3dinstances
    ERROR: Unhandled typepackage3dinstances
    ERROR: Unhandled typepackage3dinstances
    ERROR: Unhandled typepackage3dinstances
    ERROR: Unhandled typepackage3dinstances
    ERROR: Unhandled typepackage3dinstances
    ERROR: Unhandled typepackage3dinstances
    ERROR: Unhandled typepackage3dinstances
    ERROR: Unhandled typepackage3dinstances
    ERROR: Unhandled typepackage3dinstances
    ERROR: Unhandled typepackage3dinstances
    ERROR: Unhandled typepackage3dinstances
    ERROR: Unhandled typepackage3dinstances
    ERROR: Unhandled typepackage3dinstances
    ERROR: Unhandled typepackage3dinstances
    ERROR: Unhandled typepackage3dinstances
    ERROR: Unhandled typepackage3dinstances
    ERROR: Unhandled typepackage3dinstances
    ERROR: Unhandled typepackage3dinstances
    ERROR: Unhandled typepackage3dinstances
    ERROR: Unhandled typepackage3dinstances
    ERROR: Unhandled typepackage3dinstances
    ERROR: Unhandled typepackage3dinstances
    ERROR: Unhandled typepackage3dinstances
    ERROR: Unhandled typepackage3dinstances
    ERROR: Unhandled typepackage3dinstances
    ERROR: Unhandled typepackage3dinstances
    ERROR: Unhandled typepackage3dinstances
    ERROR: Unhandled typepackage3dinstances
    ERROR: Unhandled typepackage3dinstances
    ERROR: Unhandled typepackage3dinstances
    ERROR: Unhandled typepackage3dinstances
    ERROR: Unhandled typepackage3dinstances
    ERROR: Unhandled typepackage3dinstances
    ERROR: Unhandled typepackage3dinstances
    ERROR: Unhandled typepackage3dinstances
    ERROR: Unhandled typepackage3dinstances
    ERROR: Unhandled typepackage3dinstances
    ERROR: Unhandled typepackage3dinstances
    ERROR: Unhandled typepackage3dinstances
    ERROR: Unhandled typepackage3dinstances
    ERROR: Unhandled typepackage3dinstances
    ERROR: Unhandled typepackage3dinstances
    ERROR: Unhandled typepackage3dinstances
    ERROR: Unhandled typepackage3dinstances
    ERROR: Unhandled typepackage3dinstances
    ERROR: Unhandled typepackage3dinstances
    ERROR: Unhandled typepackage3dinstances
    ERROR: Unhandled typepackage3dinstances
    ERROR: Unhandled typepackage3dinstances
    ERROR: Unhandled typepackage3dinstances
    ERROR: Unhandled typepackage3dinstances
    ERROR: Unhandled typepackage3dinstances
    ERROR: Unhandled typepackage3dinstances
    ERROR: Unhandled typepackage3dinstances
    ERROR: Unhandled typepackage3dinstances
    ERROR: Unhandled typepackage3dinstances
    ERROR: Unhandled typepackage3dinstances
    ERROR: Unhandled typepackage3dinstances
    ERROR: Unhandled typepackage3dinstances
    ERROR: Unhandled typepackage3dinstances
    ERROR: Unhandled typepackage3dinstances
    ERROR: Unhandled typepackage3dinstances
    ERROR: Unhandled typepackage3dinstances
    ERROR: Unhandled typepackage3dinstances
    ERROR: Unhandled typepackage3dinstances
    ERROR: Unhandled typepackage3dinstances
    ERROR: Unhandled typepackage3dinstances
    ERROR: Unhandled typepackage3dinstances
    ERROR: Unhandled typepackage3dinstances
    ERROR: Unhandled typepackage3dinstances
    ERROR: Unhandled typepackage3dinstances
    ERROR: Unhandled typepackage3dinstances
    ERROR: Unhandled typepackage3dinstances
    ERROR: Unhandled typepackage3dinstances
    ERROR: Unhandled typepackage3dinstances
    ERROR: Unhandled typepackage3dinstances
    ERROR: Unhandled typepackage3dinstances
    ERROR: Unhandled typepackage3dinstances
    ERROR: Unhandled typepackage3dinstances
    ERROR: Unhandled typepackage3dinstances
    ERROR: Unhandled typepackage3dinstances
    ERROR: Unhandled typepackage3dinstances
    ERROR: Unhandled typepackage3dinstances
    ERROR: Unhandled typepackage3dinstances
    ERROR: Unhandled typepackage3dinstances
    ERROR: Unhandled typepackage3dinstances
    ERROR: Unhandled typepackage3dinstances
    ERROR: Unhandled typepackage3dinstances
    ERROR: Unhandled typepackage3dinstances
    ERROR: Unhandled typepackage3dinstances
    ERROR: Unhandled typepackage3dinstances
    ERROR: Unhandled typepackage3dinstances
    ERROR: Unhandled typepackage3dinstances
    ERROR: Unhandled typepackage3dinstances
    ERROR: Unhandled typepackage3dinstances
    ERROR: Unhandled typepackage3dinstances
    ERROR: Unhandled typepackage3dinstances
    ERROR: Unhandled typepackage3dinstances
    ERROR: Unhandled typepackage3dinstances
    ERROR: Unhandled typepackage3dinstances
    ERROR: Unhandled typepackage3dinstances
    ERROR: Unhandled typepackage3dinstances
    ERROR: Unhandled typepackage3dinstances
    ERROR: Unhandled typepackage3dinstances
    ERROR: Unhandled typepackage3dinstances
    ERROR: Unhandled typepackage3dinstances
    ERROR: Unhandled typepackage3dinstances
    ERROR: Unhandled typepackage3dinstances
    ERROR: Unhandled typepackage3dinstances
    ERROR: Unhandled typepackage3dinstances
    ERROR: Unhandled typepackage3dinstances
    ERROR: Unhandled typepackage3dinstances
    ERROR: Unhandled typepackage3dinstances
    ERROR: Unhandled typepackage3dinstances
    ERROR: Unhandled typepackage3dinstances
    ERROR: Unhandled typepackage3dinstances
    ERROR: Unhandled typepackage3dinstances
    ERROR: Unhandled typepackage3dinstances
    ERROR: Unhandled typepackage3dinstances
    ERROR: Unhandled typepackage3dinstances
    ERROR: Unhandled typepackage3dinstances
    ERROR: Unhandled typepackage3dinstances
    ERROR: Unhandled typepackage3dinstances
    ERROR: Unhandled typepackage3dinstances
    ERROR: Unhandled typepackage3dinstances
    ERROR: Unhandled typepackage3dinstances
    ERROR: Unhandled typepackage3dinstances
    ERROR: Unhandled typepackage3dinstances
    ERROR: Unhandled typepackage3dinstances
    ERROR: Unhandled typepackage3dinstances
    ERROR: Unhandled typepackage3dinstances
    ERROR: Unhandled typepackage3dinstances
    ERROR: Unhandled typepackage3dinstances
    ERROR: Unhandled typepackage3dinstances
    ERROR: Unhandled typepackage3dinstances
    ERROR: Unhandled typepackage3dinstances
    ERROR: Unhandled typepackage3dinstances
    ERROR: Unhandled typepackage3dinstances
    ERROR: Unhandled typepackage3dinstances
    ERROR: Unhandled typepackage3dinstances
    ERROR: Unhandled typespice
    ERROR: Unhandled typepackage3dinstances
    ERROR: Unhandled typepackage3dinstances
    ERROR: Unhandled typepackage3dinstances
    ERROR: Unhandled typepackage3dinstances
    ERROR: Unhandled typepackage3dinstances
    ERROR: Unhandled typepackage3dinstances
    ERROR: Unhandled typepackage3dinstances
    ERROR: Unhandled typepackage3dinstances
    ERROR: Unhandled typepackage3dinstances
    ERROR: Unhandled typepackage3dinstances
    ERROR: Unhandled typepackage3dinstances
    ERROR: Unhandled typepackage3dinstances
    ERROR: Unhandled typepackage3dinstances
    ERROR: Unhandled typepackage3dinstances
    ERROR: Unhandled typepackage3dinstances
    ERROR: Unhandled typepackage3dinstances
    ERROR: Unhandled typepackage3dinstances
    ERROR: Unhandled typepackage3dinstances
    ERROR: Unhandled typepackage3dinstances
    ERROR: Unhandled typepackage3dinstances
    ERROR: Unhandled typepackage3dinstances
    ERROR: Unhandled typepackage3dinstances
    ERROR: Unhandled typepackage3dinstances
    ERROR: Unhandled typepackage3dinstances
    ERROR: Unhandled typepackage3dinstances
    ERROR: Unhandled typepackage3dinstances
    ERROR: Unhandled typepackage3dinstances
    ERROR: Unhandled typepackage3dinstances
    ERROR: Unhandled typepackage3dinstances
    ERROR: Unhandled typepackage3dinstances
    ERROR: Unhandled typepackage3dinstances
    ERROR: Unhandled typepackage3dinstances
    ERROR: Unhandled typepackage3dinstances
    ERROR: Unhandled typepackage3dinstances
    ERROR: Unhandled typepackage3dinstances
    ERROR: Unhandled typepackage3dinstances
    ERROR: Unhandled typepackage3dinstances
    ERROR: Unhandled typepackage3dinstances
    ERROR: Unhandled typepackage3dinstances
    ERROR: Unhandled typepackage3dinstances
    ERROR: Unhandled typepackage3dinstances
    ERROR: Unhandled typepackage3dinstances
    ERROR: Unhandled typepackage3dinstances
    ERROR: Unhandled typepackage3dinstances
    ERROR: Unhandled typepackage3dinstances
    ERROR: Unhandled typepackage3dinstances
    ERROR: Unhandled typepackage3dinstances
    ERROR: Unhandled typepackage3dinstances
    ERROR: Unhandled typepackage3dinstances
    ERROR: Unhandled typepackage3dinstances
    ERROR: Unhandled typepackage3dinstances
    ERROR: Unhandled typepackage3dinstances
    ERROR: Unhandled typepackage3dinstances
    ERROR: Unhandled typepackage3dinstances
    ERROR: Unhandled typepackage3dinstances
    ERROR: Unhandled typepackage3dinstances
    ERROR: Unhandled typepackage3dinstances
    ERROR: Unhandled typepackage3dinstances
    ERROR: Unhandled typepackage3dinstances
    ERROR: Unhandled typepackage3dinstances
    ERROR: Unhandled typepackage3dinstances
    ERROR: Unhandled typepackage3dinstances
    ERROR: Unhandled typepackage3dinstances
    ERROR: Unhandled typepackage3dinstances
    ERROR: Unhandled typepackage3dinstances
    ERROR: Unhandled typepackage3dinstances
    ERROR: Unhandled typepackage3dinstances
    ERROR: Unhandled typepackage3dinstances
    ERROR: Unhandled typepackage3dinstances
    ERROR: Unhandled typepackage3dinstances
    ERROR: Unhandled typepackage3dinstances
    ERROR: Unhandled typepackage3dinstances
    ERROR: Unhandled typepackage3dinstances
    ERROR: Unhandled typepackage3dinstances
    ERROR: Unhandled typepackage3dinstances
    ERROR: Unhandled typepackage3dinstances
    ERROR: Unhandled typepackage3dinstances
    ERROR: Unhandled typepackage3dinstances
    ERROR: Unhandled typespice
    Load Library "con-ptr500"
    Load Packages 2
    ERROR: Unhandled typepackages3d
    Load Symbols 2
    Load DeviceSets 2
    ERROR: Unhandled typepackage3dinstances
    ERROR: Unhandled typepackage3dinstances
    Load Library "v-reg"
    Load Packages 1
    ERROR: Unhandled typepackages3d
    Load Symbols 1
    Load DeviceSets 1
    ERROR: Unhandled typepackage3dinstances
    Load Library "special-drill"
    Load Packages 8
    ERROR: Unhandled typepackages3d
    Load Symbols 1
    Load DeviceSets 1
    ERROR: Unhandled typepackage3dinstances
    ERROR: Unhandled typepackage3dinstances
    ERROR: Unhandled typepackage3dinstances
    ERROR: Unhandled typepackage3dinstances
    ERROR: Unhandled typepackage3dinstances
    ERROR: Unhandled typepackage3dinstances
    ERROR: Unhandled typepackage3dinstances
    ERROR: Unhandled typepackage3dinstances
    Load Library "PDSE1-S5-S15-S"
    Load Packages 1
    Load Symbols 1
    Load DeviceSets 1
    Load Library "led"
    Load Packages 1
    ERROR: Unhandled typepackages3d
    Load Symbols 1
    Load DeviceSets 1
    ERROR: Unhandled typepackage3dinstances
    Load Library "optocoupler"
    Load Packages 2
    ERROR: Unhandled typepackages3d
    Load Symbols 1
    Load DeviceSets 1
    ERROR: Unhandled typepackage3dinstances
    ERROR: Unhandled typepackage3dinstances
    Load Attributes 0
    Load Classes 1
    Load Parts 84
    Load Sheets 1
EndSection
